Captain Starting ...
Overriding useExistingSwarm from /tmp/captain/data/config-override.json
Installing Captain Service ...
     
 Installation of CapRover is starting...     
For troubleshooting, please see: https://caprover.com/docs/troubleshooting.html
     
     
[36mMarch 23rd 2026, 9:15:31.125 pm    [0mDocker API Version on host: 1.51
 
 
 
 >>> Checking System Compatibility <<<
   Docker Version passed.
   Kernel version: 6.17.8-orbstack-00308-g8f9c941121b1
   Warning: Non-generic kernel detected. CapRover compatibility may vary.
******* Warning *******    CapRover and Docker work best on Ubuntu - specially when it comes to storage drivers.
   Backing filesystem: btrfs
   WARNING: extfs is recommended for best compatibility.
   userxattr: false
   Warning: userxattr should be false for best compatibility.
   Total RAM 8386 MB
node:events:486
      throw er; // Unhandled 'error' event
      ^

Error: listen EADDRINUSE: address already in use :::80
    at Server.setupListenHandle [as _listen2] (node:net:1940:16)
    at listenInCluster (node:net:1997:12)
    at Server.listen (node:net:2102:7)
    at /Users/seanmattews/Coding/caprove-port/built/utils/CaptainInstaller.js:128:12
    at process.processTicksAndRejections (node:internal/process/task_queues:103:5)
Emitted 'error' event on Server instance at:
    at emitErrorNT (node:net:1976:8)
    at process.processTicksAndRejections (node:internal/process/task_queues:89:21) {
  code: 'EADDRINUSE',
  errno: -48,
  syscall: 'listen',
  address: '::',
  port: 80
}

Node.js v25.2.1
